# JRE version: OpenJDK Runtime Environment (8.0_242-b01) (build 1.8.0_242-release-1644-b01)
# Java VM: OpenJDK 64-Bit Server VM (25.242-b01 mixed mode windows-amd64 compressed oops)
Heap:
 PSYoungGen      total 437248K, used 54088K [0x00000000d5580000, 0x00000000f3080000, 0x0000000100000000)
  eden space 388096K, 10% used [0x00000000d5580000,0x00000000d7cedfb8,0x00000000ed080000)
  from space 49152K, 27% used [0x00000000ed080000,0x00000000edde4180,0x00000000f0080000)
  to   space 45568K, 0% used [0x00000000f0400000,0x00000000f0400000,0x00000000f3080000)
 ParOldGen       total 348160K, used 131560K [0x0000000080000000, 0x0000000095400000, 0x00000000d5580000)
  object space 348160K, 37% used [0x0000000080000000,0x000000008807a2c8,0x0000000095400000)
 Metaspace       used 99970K, capacity 105890K, committed 105944K, reserved 1140736K
  class space    used 13378K, capacity 14567K, committed 14592K, reserved 1048576K
GC Heap History (10 events):
Event: 128.987 GC heap before
{Heap before GC invocations=23 (full 4):
 PSYoungGen      total 374272K, used 327456K [0x00000000d5580000, 0x00000000ef780000, 0x0000000100000000)
  eden space 324608K, 100% used [0x00000000d5580000,0x00000000e9280000,0x00000000e9280000)
  from space 49664K, 5% used [0x00000000ec380000,0x00000000ec648010,0x00000000ef400000)
  to   space 50176K, 0% used [0x00000000e9280000,0x00000000e9280000,0x00000000ec380000)
 ParOldGen       total 348160K, used 122503K [0x0000000080000000, 0x0000000095400000, 0x00000000d5580000)
  object space 348160K, 35% used [0x0000000080000000,0x00000000877a1e80,0x0000000095400000)
 Metaspace       used 97761K, capacity 103270K, committed 103768K, reserved 1138688K
  class space    used 13188K, capacity 14353K, committed 14464K, reserved 1048576K
Event: 128.997 GC heap after
Heap after GC invocations=23 (full 4):
 PSYoungGen      total 374784K, used 4384K [0x00000000d5580000, 0x00000000f3480000, 0x0000000100000000)
  eden space 324608K, 0% used [0x00000000d5580000,0x00000000d5580000,0x00000000e9280000)
  from space 50176K, 8% used [0x00000000e9280000,0x00000000e96c8020,0x00000000ec380000)
  to   space 49664K, 0% used [0x00000000f0400000,0x00000000f0400000,0x00000000f3480000)
 ParOldGen       total 348160K, used 124459K [0x0000000080000000, 0x0000000095400000, 0x00000000d5580000)
  object space 348160K, 35% used [0x0000000080000000,0x000000008798aee8,0x0000000095400000)
 Metaspace       used 97761K, capacity 103270K, committed 103768K, reserved 1138688K
  class space    used 13188K, capacity 14353K, committed 14464K, reserved 1048576K
}
Event: 129.561 GC heap before
{Heap before GC invocations=24 (full 4):
 PSYoungGen      total 374784K, used 328992K [0x00000000d5580000, 0x00000000f3480000, 0x0000000100000000)
  eden space 324608K, 100% used [0x00000000d5580000,0x00000000e9280000,0x00000000e9280000)
  from space 50176K, 8% used [0x00000000e9280000,0x00000000e96c8020,0x00000000ec380000)
  to   space 49664K, 0% used [0x00000000f0400000,0x00000000f0400000,0x00000000f3480000)
 ParOldGen       total 348160K, used 124459K [0x0000000080000000, 0x0000000095400000, 0x00000000d5580000)
  object space 348160K, 35% used [0x0000000080000000,0x000000008798aee8,0x0000000095400000)
 Metaspace       used 99133K, capacity 104948K, committed 105176K, reserved 1140736K
  class space    used 13378K, capacity 14566K, committed 14592K, reserved 1048576K
Event: 129.574 GC heap after
Heap after GC invocations=24 (full 4):
 PSYoungGen      total 433664K, used 5634K [0x00000000d5580000, 0x00000000f3080000, 0x0000000100000000)
  eden space 388096K, 0% used [0x00000000d5580000,0x00000000d5580000,0x00000000ed080000)
  from space 45568K, 12% used [0x00000000f0400000,0x00000000f0980828,0x00000000f3080000)
  to   space 49152K, 0% used [0x00000000ed080000,0x00000000ed080000,0x00000000f0080000)
 ParOldGen       total 348160K, used 127747K [0x0000000080000000, 0x0000000095400000, 0x00000000d5580000)
  object space 348160K, 36% used [0x0000000080000000,0x0000000087cc0f48,0x0000000095400000)
 Metaspace       used 99133K, capacity 104948K, committed 105176K, reserved 1140736K
  class space    used 13378K, capacity 14566K, committed 14592K, reserved 1048576K
}
Event: 130.099 GC heap before
{Heap before GC invocations=25 (full 4):
 PSYoungGen      total 433664K, used 393730K [0x00000000d5580000, 0x00000000f3080000, 0x0000000100000000)
  eden space 388096K, 100% used [0x00000000d5580000,0x00000000ed080000,0x00000000ed080000)
  from space 45568K, 12% used [0x00000000f0400000,0x00000000f0980828,0x00000000f3080000)
  to   space 49152K, 0% used [0x00000000ed080000,0x00000000ed080000,0x00000000f0080000)
 ParOldGen       total 348160K, used 127747K [0x0000000080000000, 0x0000000095400000, 0x00000000d5580000)
  object space 348160K, 36% used [0x0000000080000000,0x0000000087cc0f48,0x0000000095400000)
 Metaspace       used 99593K, capacity 105500K, committed 105688K, reserved 1140736K
  class space    used 13378K, capacity 14566K, committed 14592K, reserved 1048576K
Event: 130.109 GC heap after
Heap after GC invocations=25 (full 4):
 PSYoungGen      total 437248K, used 4800K [0x00000000d5580000, 0x00000000f3080000, 0x0000000100000000)
  eden space 388096K, 0% used [0x00000000d5580000,0x00000000d5580000,0x00000000ed080000)
  from space 49152K, 9% used [0x00000000ed080000,0x00000000ed530000,0x00000000f0080000)
  to   space 45568K, 0% used [0x00000000f0400000,0x00000000f0400000,0x00000000f3080000)
 ParOldGen       total 348160K, used 131544K [0x0000000080000000, 0x0000000095400000, 0x00000000d5580000)
  object space 348160K, 37% used [0x0000000080000000,0x00000000880762c8,0x0000000095400000)
 Metaspace       used 99593K, capacity 105500K, committed 105688K, reserved 1140736K
  class space    used 13378K, capacity 14566K, committed 14592K, reserved 1048576K
}
Event: 130.557 GC heap before
{Heap before GC invocations=26 (full 4):
 PSYoungGen      total 437248K, used 392896K [0x00000000d5580000, 0x00000000f3080000, 0x0000000100000000)
  eden space 388096K, 100% used [0x00000000d5580000,0x00000000ed080000,0x00000000ed080000)
  from space 49152K, 9% used [0x00000000ed080000,0x00000000ed530000,0x00000000f0080000)
  to   space 45568K, 0% used [0x00000000f0400000,0x00000000f0400000,0x00000000f3080000)
 ParOldGen       total 348160K, used 131544K [0x0000000080000000, 0x0000000095400000, 0x00000000d5580000)
  object space 348160K, 37% used [0x0000000080000000,0x00000000880762c8,0x0000000095400000)
 Metaspace       used 99831K, capacity 105738K, committed 105944K, reserved 1140736K
  class space    used 13378K, capacity 14567K, committed 14592K, reserved 1048576K
Event: 130.567 GC heap after
Heap after GC invocations=26 (full 4):
 PSYoungGen      total 433664K, used 8544K [0x00000000d5580000, 0x00000000f3080000, 0x0000000100000000)
  eden space 388096K, 0% used [0x00000000d5580000,0x00000000d5580000,0x00000000ed080000)
  from space 45568K, 18% used [0x00000000f0400000,0x00000000f0c58000,0x00000000f3080000)
  to   space 49152K, 0% used [0x00000000ed080000,0x00000000ed080000,0x00000000f0080000)
 ParOldGen       total 348160K, used 131552K [0x0000000080000000, 0x0000000095400000, 0x00000000d5580000)
  object space 348160K, 37% used [0x0000000080000000,0x00000000880782c8,0x0000000095400000)
 Metaspace       used 99831K, capacity 105738K, committed 105944K, reserved 1140736K
  class space    used 13378K, capacity 14567K, committed 14592K, reserved 1048576K
}
Event: 131.008 GC heap before
{Heap before GC invocations=27 (full 4):
 PSYoungGen      total 433664K, used 396640K [0x00000000d5580000, 0x00000000f3080000, 0x0000000100000000)
  eden space 388096K, 100% used [0x00000000d5580000,0x00000000ed080000,0x00000000ed080000)
  from space 45568K, 18% used [0x00000000f0400000,0x00000000f0c58000,0x00000000f3080000)
  to   space 49152K, 0% used [0x00000000ed080000,0x00000000ed080000,0x00000000f0080000)
 ParOldGen       total 348160K, used 131552K [0x0000000080000000, 0x0000000095400000, 0x00000000d5580000)
  object space 348160K, 37% used [0x0000000080000000,0x00000000880782c8,0x0000000095400000)
 Metaspace       used 99929K, capacity 105886K, committed 105944K, reserved 1140736K
  class space    used 13378K, capacity 14567K, committed 14592K, reserved 1048576K
Event: 131.021 GC heap after
Heap after GC invocations=27 (full 4):
 PSYoungGen      total 437248K, used 13712K [0x00000000d5580000, 0x00000000f3080000, 0x0000000100000000)
  eden space 388096K, 0% used [0x00000000d5580000,0x00000000d5580000,0x00000000ed080000)
  from space 49152K, 27% used [0x00000000ed080000,0x00000000edde4180,0x00000000f0080000)
  to   space 45568K, 0% used [0x00000000f0400000,0x00000000f0400000,0x00000000f3080000)
 ParOldGen       total 348160K, used 131560K [0x0000000080000000, 0x0000000095400000, 0x00000000d5580000)
  object space 348160K, 37% used [0x0000000080000000,0x000000008807a2c8,0x0000000095400000)
 Metaspace       used 99929K, capacity 105886K, committed 105944K, reserved 1140736K
  class space    used 13378K, capacity 14567K, committed 14592K, reserved 1048576K
}

