# JRE version: OpenJDK Runtime Environment (8.0_242-b01) (build 1.8.0_242-release-1644-b01)
# Java VM: OpenJDK 64-Bit Server VM (25.242-b01 mixed mode windows-amd64 compressed oops)
Heap:
 PSYoungGen      total 543232K, used 391712K [0x00000000d5580000, 0x0000000100000000, 0x0000000100000000)
  eden space 498176K, 71% used [0x00000000d5580000,0x00000000eaf6c0c0,0x00000000f3c00000)
  from space 45056K, 83% used [0x00000000f8600000,0x00000000faa9c0f0,0x00000000fb200000)
  to   space 75776K, 0% used [0x00000000f3c00000,0x00000000f3c00000,0x00000000f8600000)
 ParOldGen       total 231936K, used 146689K [0x0000000080000000, 0x000000008e280000, 0x00000000d5580000)
  object space 231936K, 63% used [0x0000000080000000,0x0000000088f40648,0x000000008e280000)
 Metaspace       used 105749K, capacity 111554K, committed 113560K, reserved 1146880K
  class space    used 13857K, capacity 14986K, committed 15536K, reserved 1048576K
GC Heap History (10 events):
Event: 35.856 GC heap before
{Heap before GC invocations=28 (full 3):
 PSYoungGen      total 514048K, used 484534K [0x00000000d5580000, 0x00000000f8380000, 0x0000000100000000)
  eden space 462848K, 100% used [0x00000000d5580000,0x00000000f1980000,0x00000000f1980000)
  from space 51200K, 42% used [0x00000000f5180000,0x00000000f66ad860,0x00000000f8380000)
  to   space 54272K, 0% used [0x00000000f1980000,0x00000000f1980000,0x00000000f4e80000)
 ParOldGen       total 231936K, used 157691K [0x0000000080000000, 0x000000008e280000, 0x00000000d5580000)
  object space 231936K, 67% used [0x0000000080000000,0x00000000899fec68,0x000000008e280000)
 Metaspace       used 87608K, capacity 94682K, committed 94744K, reserved 1130496K
  class space    used 12097K, capacity 13298K, committed 13360K, reserved 1048576K
Event: 35.875 GC heap after
Heap after GC invocations=28 (full 3):
 PSYoungGen      total 517120K, used 28066K [0x00000000d5580000, 0x00000000fb600000, 0x0000000100000000)
  eden space 462848K, 0% used [0x00000000d5580000,0x00000000d5580000,0x00000000f1980000)
  from space 54272K, 51% used [0x00000000f1980000,0x00000000f34e8a00,0x00000000f4e80000)
  to   space 49152K, 0% used [0x00000000f8600000,0x00000000f8600000,0x00000000fb600000)
 ParOldGen       total 231936K, used 157699K [0x0000000080000000, 0x000000008e280000, 0x00000000d5580000)
  object space 231936K, 67% used [0x0000000080000000,0x0000000089a00c68,0x000000008e280000)
 Metaspace       used 87608K, capacity 94682K, committed 94744K, reserved 1130496K
  class space    used 12097K, capacity 13298K, committed 13360K, reserved 1048576K
}
Event: 37.390 GC heap before
{Heap before GC invocations=29 (full 3):
 PSYoungGen      total 517120K, used 490914K [0x00000000d5580000, 0x00000000fb600000, 0x0000000100000000)
  eden space 462848K, 100% used [0x00000000d5580000,0x00000000f1980000,0x00000000f1980000)
  from space 54272K, 51% used [0x00000000f1980000,0x00000000f34e8a00,0x00000000f4e80000)
  to   space 49152K, 0% used [0x00000000f8600000,0x00000000f8600000,0x00000000fb600000)
 ParOldGen       total 231936K, used 157699K [0x0000000080000000, 0x000000008e280000, 0x00000000d5580000)
  object space 231936K, 67% used [0x0000000080000000,0x0000000089a00c68,0x000000008e280000)
 Metaspace       used 87667K, capacity 94746K, committed 95000K, reserved 1130496K
  class space    used 12097K, capacity 13298K, committed 13360K, reserved 1048576K
Event: 37.432 GC heap after
Heap after GC invocations=29 (full 3):
 PSYoungGen      total 568832K, used 24957K [0x00000000d5580000, 0x00000000fb200000, 0x0000000100000000)
  eden space 523776K, 0% used [0x00000000d5580000,0x00000000d5580000,0x00000000f5500000)
  from space 45056K, 55% used [0x00000000f8600000,0x00000000f9e5f588,0x00000000fb200000)
  to   space 47616K, 0% used [0x00000000f5500000,0x00000000f5500000,0x00000000f8380000)
 ParOldGen       total 231936K, used 157699K [0x0000000080000000, 0x000000008e280000, 0x00000000d5580000)
  object space 231936K, 67% used [0x0000000080000000,0x0000000089a00c68,0x000000008e280000)
 Metaspace       used 87667K, capacity 94746K, committed 95000K, reserved 1130496K
  class space    used 12097K, capacity 13298K, committed 13360K, reserved 1048576K
}
Event: 42.564 GC heap before
{Heap before GC invocations=30 (full 3):
 PSYoungGen      total 568832K, used 548733K [0x00000000d5580000, 0x00000000fb200000, 0x0000000100000000)
  eden space 523776K, 100% used [0x00000000d5580000,0x00000000f5500000,0x00000000f5500000)
  from space 45056K, 55% used [0x00000000f8600000,0x00000000f9e5f588,0x00000000fb200000)
  to   space 47616K, 0% used [0x00000000f5500000,0x00000000f5500000,0x00000000f8380000)
 ParOldGen       total 231936K, used 157699K [0x0000000080000000, 0x000000008e280000, 0x00000000d5580000)
  object space 231936K, 67% used [0x0000000080000000,0x0000000089a00c68,0x000000008e280000)
 Metaspace       used 88495K, capacity 95812K, committed 95896K, reserved 1132544K
  class space    used 12196K, capacity 13417K, committed 13488K, reserved 1048576K
Event: 42.705 GC heap after
Heap after GC invocations=30 (full 3):
 PSYoungGen      total 571392K, used 47594K [0x00000000d5580000, 0x00000000fb200000, 0x0000000100000000)
  eden space 523776K, 0% used [0x00000000d5580000,0x00000000d5580000,0x00000000f5500000)
  from space 47616K, 99% used [0x00000000f5500000,0x00000000f837a858,0x00000000f8380000)
  to   space 45056K, 0% used [0x00000000f8600000,0x00000000f8600000,0x00000000fb200000)
 ParOldGen       total 231936K, used 221780K [0x0000000080000000, 0x000000008e280000, 0x00000000d5580000)
  object space 231936K, 95% used [0x0000000080000000,0x000000008d895030,0x000000008e280000)
 Metaspace       used 88495K, capacity 95812K, committed 95896K, reserved 1132544K
  class space    used 12196K, capacity 13417K, committed 13488K, reserved 1048576K
}
Event: 42.705 GC heap before
{Heap before GC invocations=31 (full 4):
 PSYoungGen      total 571392K, used 47594K [0x00000000d5580000, 0x00000000fb200000, 0x0000000100000000)
  eden space 523776K, 0% used [0x00000000d5580000,0x00000000d5580000,0x00000000f5500000)
  from space 47616K, 99% used [0x00000000f5500000,0x00000000f837a858,0x00000000f8380000)
  to   space 45056K, 0% used [0x00000000f8600000,0x00000000f8600000,0x00000000fb200000)
 ParOldGen       total 231936K, used 221780K [0x0000000080000000, 0x000000008e280000, 0x00000000d5580000)
  object space 231936K, 95% used [0x0000000080000000,0x000000008d895030,0x000000008e280000)
 Metaspace       used 88495K, capacity 95812K, committed 95896K, reserved 1132544K
  class space    used 12196K, capacity 13417K, committed 13488K, reserved 1048576K
Event: 43.679 GC heap after
Heap after GC invocations=31 (full 4):
 PSYoungGen      total 571392K, used 0K [0x00000000d5580000, 0x00000000fb200000, 0x0000000100000000)
  eden space 523776K, 0% used [0x00000000d5580000,0x00000000d5580000,0x00000000f5500000)
  from space 47616K, 0% used [0x00000000f5500000,0x00000000f5500000,0x00000000f8380000)
  to   space 45056K, 0% used [0x00000000f8600000,0x00000000f8600000,0x00000000fb200000)
 ParOldGen       total 231936K, used 146681K [0x0000000080000000, 0x000000008e280000, 0x00000000d5580000)
  object space 231936K, 63% used [0x0000000080000000,0x0000000088f3e648,0x000000008e280000)
 Metaspace       used 86919K, capacity 91564K, committed 95896K, reserved 1132544K
  class space    used 11659K, capacity 12471K, committed 13488K, reserved 1048576K
}
Event: 121.689 GC heap before
{Heap before GC invocations=32 (full 4):
 PSYoungGen      total 571392K, used 523776K [0x00000000d5580000, 0x00000000fb200000, 0x0000000100000000)
  eden space 523776K, 100% used [0x00000000d5580000,0x00000000f5500000,0x00000000f5500000)
  from space 47616K, 0% used [0x00000000f5500000,0x00000000f5500000,0x00000000f8380000)
  to   space 45056K, 0% used [0x00000000f8600000,0x00000000f8600000,0x00000000fb200000)
 ParOldGen       total 231936K, used 146681K [0x0000000080000000, 0x000000008e280000, 0x00000000d5580000)
  object space 231936K, 63% used [0x0000000080000000,0x0000000088f3e648,0x000000008e280000)
 Metaspace       used 103179K, capacity 108632K, committed 111640K, reserved 1144832K
  class space    used 13547K, capacity 14609K, committed 15408K, reserved 1048576K
Event: 121.740 GC heap after
Heap after GC invocations=32 (full 4):
 PSYoungGen      total 543232K, used 37488K [0x00000000d5580000, 0x0000000100000000, 0x0000000100000000)
  eden space 498176K, 0% used [0x00000000d5580000,0x00000000d5580000,0x00000000f3c00000)
  from space 45056K, 83% used [0x00000000f8600000,0x00000000faa9c0f0,0x00000000fb200000)
  to   space 75776K, 0% used [0x00000000f3c00000,0x00000000f3c00000,0x00000000f8600000)
 ParOldGen       total 231936K, used 146689K [0x0000000080000000, 0x000000008e280000, 0x00000000d5580000)
  object space 231936K, 63% used [0x0000000080000000,0x0000000088f40648,0x000000008e280000)
 Metaspace       used 103179K, capacity 108632K, committed 111640K, reserved 1144832K
  class space    used 13547K, capacity 14609K, committed 15408K, reserved 1048576K
}

