# JRE version: OpenJDK Runtime Environment (8.0_242-b01) (build 1.8.0_242-release-1644-b01)
# Java VM: OpenJDK 64-Bit Server VM (25.242-b01 mixed mode windows-amd64 compressed oops)
Heap:
 PSYoungGen      total 281088K, used 250961K [0x00000000d5580000, 0x00000000eb500000, 0x0000000100000000)
  eden space 250368K, 91% used [0x00000000d5580000,0x00000000e365c9d0,0x00000000e4a00000)
  from space 30720K, 67% used [0x00000000e4a00000,0x00000000e5e37ce0,0x00000000e6800000)
  to   space 31232K, 0% used [0x00000000e9680000,0x00000000e9680000,0x00000000eb500000)
 ParOldGen       total 218624K, used 47718K [0x0000000080000000, 0x000000008d580000, 0x00000000d5580000)
  object space 218624K, 21% used [0x0000000080000000,0x0000000082e99b48,0x000000008d580000)
 Metaspace       used 80922K, capacity 85334K, committed 85592K, reserved 1124352K
  class space    used 10848K, capacity 11642K, committed 11648K, reserved 1048576K
GC Heap History (10 events):
Event: 20.390 GC heap before
{Heap before GC invocations=14 (full 3):
 PSYoungGen      total 212992K, used 195072K [0x00000000d5580000, 0x00000000e5400000, 0x0000000100000000)
  eden space 195072K, 100% used [0x00000000d5580000,0x00000000e1400000,0x00000000e1400000)
  from space 17920K, 0% used [0x00000000e2880000,0x00000000e2880000,0x00000000e3a00000)
  to   space 20992K, 0% used [0x00000000e1400000,0x00000000e1400000,0x00000000e2880000)
 ParOldGen       total 218624K, used 32768K [0x0000000080000000, 0x000000008d580000, 0x00000000d5580000)
  object space 218624K, 14% used [0x0000000080000000,0x0000000082000190,0x000000008d580000)
 Metaspace       used 68045K, capacity 70962K, committed 71128K, reserved 1110016K
  class space    used 9280K, capacity 9857K, committed 9984K, reserved 1048576K
Event: 20.419 GC heap after
Heap after GC invocations=14 (full 3):
 PSYoungGen      total 216064K, used 17454K [0x00000000d5580000, 0x00000000e6080000, 0x0000000100000000)
  eden space 195072K, 0% used [0x00000000d5580000,0x00000000d5580000,0x00000000e1400000)
  from space 20992K, 83% used [0x00000000e1400000,0x00000000e250b998,0x00000000e2880000)
  to   space 22528K, 0% used [0x00000000e4a80000,0x00000000e4a80000,0x00000000e6080000)
 ParOldGen       total 218624K, used 32776K [0x0000000080000000, 0x000000008d580000, 0x00000000d5580000)
  object space 218624K, 14% used [0x0000000080000000,0x0000000082002190,0x000000008d580000)
 Metaspace       used 68045K, capacity 70962K, committed 71128K, reserved 1110016K
  class space    used 9280K, capacity 9857K, committed 9984K, reserved 1048576K
}
Event: 36.474 GC heap before
{Heap before GC invocations=15 (full 3):
 PSYoungGen      total 216064K, used 212526K [0x00000000d5580000, 0x00000000e6080000, 0x0000000100000000)
  eden space 195072K, 99% used [0x00000000d5580000,0x00000000e13fff18,0x00000000e1400000)
  from space 20992K, 83% used [0x00000000e1400000,0x00000000e250b998,0x00000000e2880000)
  to   space 22528K, 0% used [0x00000000e4a80000,0x00000000e4a80000,0x00000000e6080000)
 ParOldGen       total 218624K, used 32784K [0x0000000080000000, 0x000000008d580000, 0x00000000d5580000)
  object space 218624K, 14% used [0x0000000080000000,0x00000000820041a0,0x000000008d580000)
 Metaspace       used 78912K, capacity 83228K, committed 83416K, reserved 1122304K
  class space    used 10706K, capacity 11481K, committed 11520K, reserved 1048576K
Event: 36.524 GC heap after
Heap after GC invocations=15 (full 3):
 PSYoungGen      total 245760K, used 22506K [0x00000000d5580000, 0x00000000e6480000, 0x0000000100000000)
  eden space 223232K, 0% used [0x00000000d5580000,0x00000000d5580000,0x00000000e2f80000)
  from space 22528K, 99% used [0x00000000e4a80000,0x00000000e607a8b0,0x00000000e6080000)
  to   space 27136K, 0% used [0x00000000e2f80000,0x00000000e2f80000,0x00000000e4a00000)
 ParOldGen       total 218624K, used 37734K [0x0000000080000000, 0x000000008d580000, 0x00000000d5580000)
  object space 218624K, 17% used [0x0000000080000000,0x00000000824d9850,0x000000008d580000)
 Metaspace       used 78912K, capacity 83228K, committed 83416K, reserved 1122304K
  class space    used 10706K, capacity 11481K, committed 11520K, reserved 1048576K
}
Event: 42.282 GC heap before
{Heap before GC invocations=16 (full 3):
 PSYoungGen      total 245760K, used 245738K [0x00000000d5580000, 0x00000000e6480000, 0x0000000100000000)
  eden space 223232K, 100% used [0x00000000d5580000,0x00000000e2f80000,0x00000000e2f80000)
  from space 22528K, 99% used [0x00000000e4a80000,0x00000000e607a8b0,0x00000000e6080000)
  to   space 27136K, 0% used [0x00000000e2f80000,0x00000000e2f80000,0x00000000e4a00000)
 ParOldGen       total 218624K, used 37821K [0x0000000080000000, 0x000000008d580000, 0x00000000d5580000)
  object space 218624K, 17% used [0x0000000080000000,0x00000000824ef5b8,0x000000008d580000)
 Metaspace       used 79918K, capacity 84324K, committed 84568K, reserved 1122304K
  class space    used 10769K, capacity 11561K, committed 11648K, reserved 1048576K
Event: 42.318 GC heap after
Heap after GC invocations=16 (full 3):
 PSYoungGen      total 250368K, used 20377K [0x00000000d5580000, 0x00000000e8400000, 0x0000000100000000)
  eden space 223232K, 0% used [0x00000000d5580000,0x00000000d5580000,0x00000000e2f80000)
  from space 27136K, 75% used [0x00000000e2f80000,0x00000000e43664c8,0x00000000e4a00000)
  to   space 28672K, 0% used [0x00000000e6800000,0x00000000e6800000,0x00000000e8400000)
 ParOldGen       total 218624K, used 47702K [0x0000000080000000, 0x000000008d580000, 0x00000000d5580000)
  object space 218624K, 21% used [0x0000000080000000,0x0000000082e95b48,0x000000008d580000)
 Metaspace       used 79918K, capacity 84324K, committed 84568K, reserved 1122304K
  class space    used 10769K, capacity 11561K, committed 11648K, reserved 1048576K
}
Event: 43.113 GC heap before
{Heap before GC invocations=17 (full 3):
 PSYoungGen      total 250368K, used 243609K [0x00000000d5580000, 0x00000000e8400000, 0x0000000100000000)
  eden space 223232K, 100% used [0x00000000d5580000,0x00000000e2f80000,0x00000000e2f80000)
  from space 27136K, 75% used [0x00000000e2f80000,0x00000000e43664c8,0x00000000e4a00000)
  to   space 28672K, 0% used [0x00000000e6800000,0x00000000e6800000,0x00000000e8400000)
 ParOldGen       total 218624K, used 47702K [0x0000000080000000, 0x000000008d580000, 0x00000000d5580000)
  object space 218624K, 21% used [0x0000000080000000,0x0000000082e95b48,0x000000008d580000)
 Metaspace       used 80112K, capacity 84452K, committed 84568K, reserved 1122304K
  class space    used 10784K, capacity 11561K, committed 11648K, reserved 1048576K
Event: 43.142 GC heap after
Heap after GC invocations=17 (full 3):
 PSYoungGen      total 279040K, used 23364K [0x00000000d5580000, 0x00000000e9400000, 0x0000000100000000)
  eden space 250368K, 0% used [0x00000000d5580000,0x00000000d5580000,0x00000000e4a00000)
  from space 28672K, 81% used [0x00000000e6800000,0x00000000e7ed1258,0x00000000e8400000)
  to   space 30720K, 0% used [0x00000000e4a00000,0x00000000e4a00000,0x00000000e6800000)
 ParOldGen       total 218624K, used 47710K [0x0000000080000000, 0x000000008d580000, 0x00000000d5580000)
  object space 218624K, 21% used [0x0000000080000000,0x0000000082e97b48,0x000000008d580000)
 Metaspace       used 80112K, capacity 84452K, committed 84568K, reserved 1122304K
  class space    used 10784K, capacity 11561K, committed 11648K, reserved 1048576K
}
Event: 44.101 GC heap before
{Heap before GC invocations=18 (full 3):
 PSYoungGen      total 279040K, used 273732K [0x00000000d5580000, 0x00000000e9400000, 0x0000000100000000)
  eden space 250368K, 100% used [0x00000000d5580000,0x00000000e4a00000,0x00000000e4a00000)
  from space 28672K, 81% used [0x00000000e6800000,0x00000000e7ed1258,0x00000000e8400000)
  to   space 30720K, 0% used [0x00000000e4a00000,0x00000000e4a00000,0x00000000e6800000)
 ParOldGen       total 218624K, used 47710K [0x0000000080000000, 0x000000008d580000, 0x00000000d5580000)
  object space 218624K, 21% used [0x0000000080000000,0x0000000082e97b48,0x000000008d580000)
 Metaspace       used 80136K, capacity 84516K, committed 84824K, reserved 1122304K
  class space    used 10784K, capacity 11561K, committed 11648K, reserved 1048576K
Event: 44.339 GC heap after
Heap after GC invocations=18 (full 3):
 PSYoungGen      total 281088K, used 20703K [0x00000000d5580000, 0x00000000eb500000, 0x0000000100000000)
  eden space 250368K, 0% used [0x00000000d5580000,0x00000000d5580000,0x00000000e4a00000)
  from space 30720K, 67% used [0x00000000e4a00000,0x00000000e5e37ce0,0x00000000e6800000)
  to   space 31232K, 0% used [0x00000000e9680000,0x00000000e9680000,0x00000000eb500000)
 ParOldGen       total 218624K, used 47718K [0x0000000080000000, 0x000000008d580000, 0x00000000d5580000)
  object space 218624K, 21% used [0x0000000080000000,0x0000000082e99b48,0x000000008d580000)
 Metaspace       used 80136K, capacity 84516K, committed 84824K, reserved 1122304K
  class space    used 10784K, capacity 11561K, committed 11648K, reserved 1048576K
}

