# JRE version: OpenJDK Runtime Environment (8.0_242-b01) (build 1.8.0_242-release-1644-b01)
# Java VM: OpenJDK 64-Bit Server VM (25.242-b01 mixed mode windows-amd64 compressed oops)
Heap:
 PSYoungGen      total 557568K, used 482890K [0x00000000d5580000, 0x00000000fa200000, 0x0000000100000000)
  eden space 518656K, 91% used [0x00000000d5580000,0x00000000f24ac900,0x00000000f5000000)
  from space 38912K, 22% used [0x00000000f7c00000,0x00000000f8466268,0x00000000fa200000)
  to   space 41984K, 0% used [0x00000000f5000000,0x00000000f5000000,0x00000000f7900000)
 ParOldGen       total 305664K, used 155107K [0x0000000080000000, 0x0000000092a80000, 0x00000000d5580000)
  object space 305664K, 50% used [0x0000000080000000,0x0000000089778ee8,0x0000000092a80000)
 Metaspace       used 102694K, capacity 109120K, committed 109400K, reserved 1144832K
  class space    used 13675K, capacity 14918K, committed 14976K, reserved 1048576K
GC Heap History (10 events):
Event: 51.310 GC heap before
{Heap before GC invocations=26 (full 4):
 PSYoungGen      total 507392K, used 471742K [0x00000000d5580000, 0x00000000f7680000, 0x0000000100000000)
  eden space 456704K, 100% used [0x00000000d5580000,0x00000000f1380000,0x00000000f1380000)
  from space 50688K, 29% used [0x00000000f1380000,0x00000000f222f990,0x00000000f4500000)
  to   space 48640K, 0% used [0x00000000f4700000,0x00000000f4700000,0x00000000f7680000)
 ParOldGen       total 305664K, used 128385K [0x0000000080000000, 0x0000000092a80000, 0x00000000d5580000)
  object space 305664K, 42% used [0x0000000080000000,0x0000000087d60690,0x0000000092a80000)
 Metaspace       used 102268K, capacity 108692K, committed 108888K, reserved 1142784K
  class space    used 13673K, capacity 14916K, committed 14976K, reserved 1048576K
Event: 51.332 GC heap after
Heap after GC invocations=26 (full 4):
 PSYoungGen      total 505344K, used 5392K [0x00000000d5580000, 0x00000000f7680000, 0x0000000100000000)
  eden space 456704K, 0% used [0x00000000d5580000,0x00000000d5580000,0x00000000f1380000)
  from space 48640K, 11% used [0x00000000f4700000,0x00000000f4c44060,0x00000000f7680000)
  to   space 50688K, 0% used [0x00000000f1380000,0x00000000f1380000,0x00000000f4500000)
 ParOldGen       total 305664K, used 141801K [0x0000000080000000, 0x0000000092a80000, 0x00000000d5580000)
  object space 305664K, 46% used [0x0000000080000000,0x0000000088a7a4e0,0x0000000092a80000)
 Metaspace       used 102268K, capacity 108692K, committed 108888K, reserved 1142784K
  class space    used 13673K, capacity 14916K, committed 14976K, reserved 1048576K
}
Event: 51.885 GC heap before
{Heap before GC invocations=27 (full 4):
 PSYoungGen      total 505344K, used 462096K [0x00000000d5580000, 0x00000000f7680000, 0x0000000100000000)
  eden space 456704K, 100% used [0x00000000d5580000,0x00000000f1380000,0x00000000f1380000)
  from space 48640K, 11% used [0x00000000f4700000,0x00000000f4c44060,0x00000000f7680000)
  to   space 50688K, 0% used [0x00000000f1380000,0x00000000f1380000,0x00000000f4500000)
 ParOldGen       total 305664K, used 141801K [0x0000000080000000, 0x0000000092a80000, 0x00000000d5580000)
  object space 305664K, 46% used [0x0000000080000000,0x0000000088a7a4e0,0x0000000092a80000)
 Metaspace       used 102466K, capacity 108896K, committed 109144K, reserved 1142784K
  class space    used 13673K, capacity 14916K, committed 14976K, reserved 1048576K
Event: 51.895 GC heap after
Heap after GC invocations=27 (full 4):
 PSYoungGen      total 507392K, used 6080K [0x00000000d5580000, 0x00000000f7680000, 0x0000000100000000)
  eden space 456704K, 0% used [0x00000000d5580000,0x00000000d5580000,0x00000000f1380000)
  from space 50688K, 11% used [0x00000000f1380000,0x00000000f1970000,0x00000000f4500000)
  to   space 48640K, 0% used [0x00000000f4700000,0x00000000f4700000,0x00000000f7680000)
 ParOldGen       total 305664K, used 145365K [0x0000000080000000, 0x0000000092a80000, 0x00000000d5580000)
  object space 305664K, 47% used [0x0000000080000000,0x0000000088df5530,0x0000000092a80000)
 Metaspace       used 102466K, capacity 108896K, committed 109144K, reserved 1142784K
  class space    used 13673K, capacity 14916K, committed 14976K, reserved 1048576K
}
Event: 52.385 GC heap before
{Heap before GC invocations=28 (full 4):
 PSYoungGen      total 507392K, used 462784K [0x00000000d5580000, 0x00000000f7680000, 0x0000000100000000)
  eden space 456704K, 100% used [0x00000000d5580000,0x00000000f1380000,0x00000000f1380000)
  from space 50688K, 11% used [0x00000000f1380000,0x00000000f1970000,0x00000000f4500000)
  to   space 48640K, 0% used [0x00000000f4700000,0x00000000f4700000,0x00000000f7680000)
 ParOldGen       total 305664K, used 145365K [0x0000000080000000, 0x0000000092a80000, 0x00000000d5580000)
  object space 305664K, 47% used [0x0000000080000000,0x0000000088df5530,0x0000000092a80000)
 Metaspace       used 102514K, capacity 108972K, committed 109144K, reserved 1142784K
  class space    used 13673K, capacity 14916K, committed 14976K, reserved 1048576K
Event: 52.395 GC heap after
Heap after GC invocations=28 (full 4):
 PSYoungGen      total 505344K, used 6256K [0x00000000d5580000, 0x00000000f7680000, 0x0000000100000000)
  eden space 456704K, 0% used [0x00000000d5580000,0x00000000d5580000,0x00000000f1380000)
  from space 48640K, 12% used [0x00000000f4700000,0x00000000f4d1c040,0x00000000f7680000)
  to   space 50688K, 0% used [0x00000000f1380000,0x00000000f1380000,0x00000000f4500000)
 ParOldGen       total 305664K, used 150262K [0x0000000080000000, 0x0000000092a80000, 0x00000000d5580000)
  object space 305664K, 49% used [0x0000000080000000,0x00000000892bdb70,0x0000000092a80000)
 Metaspace       used 102514K, capacity 108972K, committed 109144K, reserved 1142784K
  class space    used 13673K, capacity 14916K, committed 14976K, reserved 1048576K
}
Event: 52.946 GC heap before
{Heap before GC invocations=29 (full 4):
 PSYoungGen      total 505344K, used 462960K [0x00000000d5580000, 0x00000000f7680000, 0x0000000100000000)
  eden space 456704K, 100% used [0x00000000d5580000,0x00000000f1380000,0x00000000f1380000)
  from space 48640K, 12% used [0x00000000f4700000,0x00000000f4d1c040,0x00000000f7680000)
  to   space 50688K, 0% used [0x00000000f1380000,0x00000000f1380000,0x00000000f4500000)
 ParOldGen       total 305664K, used 150262K [0x0000000080000000, 0x0000000092a80000, 0x00000000d5580000)
  object space 305664K, 49% used [0x0000000080000000,0x00000000892bdb70,0x0000000092a80000)
 Metaspace       used 102557K, capacity 108976K, committed 109144K, reserved 1142784K
  class space    used 13673K, capacity 14916K, committed 14976K, reserved 1048576K
Event: 52.957 GC heap after
Heap after GC invocations=29 (full 4):
 PSYoungGen      total 507392K, used 5280K [0x00000000d5580000, 0x00000000fa700000, 0x0000000100000000)
  eden space 456704K, 0% used [0x00000000d5580000,0x00000000d5580000,0x00000000f1380000)
  from space 50688K, 10% used [0x00000000f1380000,0x00000000f18a8020,0x00000000f4500000)
  to   space 44032K, 0% used [0x00000000f7c00000,0x00000000f7c00000,0x00000000fa700000)
 ParOldGen       total 305664K, used 155099K [0x0000000080000000, 0x0000000092a80000, 0x00000000d5580000)
  object space 305664K, 50% used [0x0000000080000000,0x0000000089776ee8,0x0000000092a80000)
 Metaspace       used 102557K, capacity 108976K, committed 109144K, reserved 1142784K
  class space    used 13673K, capacity 14916K, committed 14976K, reserved 1048576K
}
Event: 53.603 GC heap before
{Heap before GC invocations=30 (full 4):
 PSYoungGen      total 507392K, used 461984K [0x00000000d5580000, 0x00000000fa700000, 0x0000000100000000)
  eden space 456704K, 100% used [0x00000000d5580000,0x00000000f1380000,0x00000000f1380000)
  from space 50688K, 10% used [0x00000000f1380000,0x00000000f18a8020,0x00000000f4500000)
  to   space 44032K, 0% used [0x00000000f7c00000,0x00000000f7c00000,0x00000000fa700000)
 ParOldGen       total 305664K, used 155099K [0x0000000080000000, 0x0000000092a80000, 0x00000000d5580000)
  object space 305664K, 50% used [0x0000000080000000,0x0000000089776ee8,0x0000000092a80000)
 Metaspace       used 102654K, capacity 109104K, committed 109400K, reserved 1144832K
  class space    used 13673K, capacity 14916K, committed 14976K, reserved 1048576K
Event: 53.619 GC heap after
Heap after GC invocations=30 (full 4):
 PSYoungGen      total 557568K, used 8600K [0x00000000d5580000, 0x00000000fa200000, 0x0000000100000000)
  eden space 518656K, 0% used [0x00000000d5580000,0x00000000d5580000,0x00000000f5000000)
  from space 38912K, 22% used [0x00000000f7c00000,0x00000000f8466268,0x00000000fa200000)
  to   space 41984K, 0% used [0x00000000f5000000,0x00000000f5000000,0x00000000f7900000)
 ParOldGen       total 305664K, used 155107K [0x0000000080000000, 0x0000000092a80000, 0x00000000d5580000)
  object space 305664K, 50% used [0x0000000080000000,0x0000000089778ee8,0x0000000092a80000)
 Metaspace       used 102654K, capacity 109104K, committed 109400K, reserved 1144832K
  class space    used 13673K, capacity 14916K, committed 14976K, reserved 1048576K
}

