# JRE version: OpenJDK Runtime Environment (8.0_242-b01) (build 1.8.0_242-release-1644-b01)
# Java VM: OpenJDK 64-Bit Server VM (25.242-b01 mixed mode windows-amd64 compressed oops)
Heap:
 PSYoungGen      total 378368K, used 77387K [0x00000000d5580000, 0x00000000f5580000, 0x0000000100000000)
  eden space 306688K, 22% used [0x00000000d5580000,0x00000000d98e9030,0x00000000e8100000)
  from space 71680K, 11% used [0x00000000e8100000,0x00000000e8929e80,0x00000000ec700000)
  to   space 71168K, 0% used [0x00000000f1000000,0x00000000f1000000,0x00000000f5580000)
 ParOldGen       total 328192K, used 150085K [0x0000000080000000, 0x0000000094080000, 0x00000000d5580000)
  object space 328192K, 45% used [0x0000000080000000,0x0000000089291530,0x0000000094080000)
 Metaspace       used 108566K, capacity 115138K, committed 115544K, reserved 1148928K
  class space    used 14207K, capacity 15545K, committed 15744K, reserved 1048576K
GC Heap History (10 events):
Event: 2979.278 GC heap before
{Heap before GC invocations=23 (full 4):
 PSYoungGen      total 285184K, used 285164K [0x00000000d5580000, 0x00000000ea000000, 0x0000000100000000)
  eden space 253952K, 99% used [0x00000000d5580000,0x00000000e4d7e5a0,0x00000000e4d80000)
  from space 31232K, 99% used [0x00000000e7480000,0x00000000e92fcb40,0x00000000e9300000)
  to   space 39936K, 0% used [0x00000000e4d80000,0x00000000e4d80000,0x00000000e7480000)
 ParOldGen       total 328192K, used 57040K [0x0000000080000000, 0x0000000094080000, 0x00000000d5580000)
  object space 328192K, 17% used [0x0000000080000000,0x00000000837b4098,0x0000000094080000)
 Metaspace       used 98480K, capacity 103056K, committed 105304K, reserved 1140736K
  class space    used 12709K, capacity 13696K, committed 14208K, reserved 1048576K
Event: 2979.317 GC heap after
Heap after GC invocations=23 (full 4):
 PSYoungGen      total 293888K, used 35431K [0x00000000d5580000, 0x00000000eb900000, 0x0000000100000000)
  eden space 253952K, 0% used [0x00000000d5580000,0x00000000d5580000,0x00000000e4d80000)
  from space 39936K, 88% used [0x00000000e4d80000,0x00000000e7019fd8,0x00000000e7480000)
  to   space 44544K, 0% used [0x00000000e8d80000,0x00000000e8d80000,0x00000000eb900000)
 ParOldGen       total 328192K, used 64079K [0x0000000080000000, 0x0000000094080000, 0x00000000d5580000)
  object space 328192K, 19% used [0x0000000080000000,0x0000000083e93c78,0x0000000094080000)
 Metaspace       used 98480K, capacity 103056K, committed 105304K, reserved 1140736K
  class space    used 12709K, capacity 13696K, committed 14208K, reserved 1048576K
}
Event: 2981.534 GC heap before
{Heap before GC invocations=24 (full 4):
 PSYoungGen      total 293888K, used 289383K [0x00000000d5580000, 0x00000000eb900000, 0x0000000100000000)
  eden space 253952K, 100% used [0x00000000d5580000,0x00000000e4d80000,0x00000000e4d80000)
  from space 39936K, 88% used [0x00000000e4d80000,0x00000000e7019fd8,0x00000000e7480000)
  to   space 44544K, 0% used [0x00000000e8d80000,0x00000000e8d80000,0x00000000eb900000)
 ParOldGen       total 328192K, used 64079K [0x0000000080000000, 0x0000000094080000, 0x00000000d5580000)
  object space 328192K, 19% used [0x0000000080000000,0x0000000083e93c78,0x0000000094080000)
 Metaspace       used 102583K, capacity 107996K, committed 108760K, reserved 1142784K
  class space    used 13348K, capacity 14502K, committed 14592K, reserved 1048576K
Event: 2981.608 GC heap after
Heap after GC invocations=24 (full 4):
 PSYoungGen      total 304128K, used 44538K [0x00000000d5580000, 0x00000000ee380000, 0x0000000100000000)
  eden space 259584K, 0% used [0x00000000d5580000,0x00000000d5580000,0x00000000e5300000)
  from space 44544K, 99% used [0x00000000e8d80000,0x00000000eb8fea80,0x00000000eb900000)
  to   space 59904K, 0% used [0x00000000e5300000,0x00000000e5300000,0x00000000e8d80000)
 ParOldGen       total 328192K, used 87568K [0x0000000080000000, 0x0000000094080000, 0x00000000d5580000)
  object space 328192K, 26% used [0x0000000080000000,0x0000000085584248,0x0000000094080000)
 Metaspace       used 102583K, capacity 107996K, committed 108760K, reserved 1142784K
  class space    used 13348K, capacity 14502K, committed 14592K, reserved 1048576K
}
Event: 2982.767 GC heap before
{Heap before GC invocations=25 (full 4):
 PSYoungGen      total 304128K, used 304122K [0x00000000d5580000, 0x00000000ee380000, 0x0000000100000000)
  eden space 259584K, 100% used [0x00000000d5580000,0x00000000e5300000,0x00000000e5300000)
  from space 44544K, 99% used [0x00000000e8d80000,0x00000000eb8fea80,0x00000000eb900000)
  to   space 59904K, 0% used [0x00000000e5300000,0x00000000e5300000,0x00000000e8d80000)
 ParOldGen       total 328192K, used 87568K [0x0000000080000000, 0x0000000094080000, 0x00000000d5580000)
  object space 328192K, 26% used [0x0000000080000000,0x0000000085584248,0x0000000094080000)
 Metaspace       used 107480K, capacity 113838K, committed 114008K, reserved 1148928K
  class space    used 14102K, capacity 15363K, committed 15488K, reserved 1048576K
Event: 2982.819 GC heap after
Heap after GC invocations=25 (full 4):
 PSYoungGen      total 319488K, used 59903K [0x00000000d5580000, 0x00000000f0e80000, 0x0000000100000000)
  eden space 259584K, 0% used [0x00000000d5580000,0x00000000d5580000,0x00000000e5300000)
  from space 59904K, 99% used [0x00000000e5300000,0x00000000e8d7fdc8,0x00000000e8d80000)
  to   space 73216K, 0% used [0x00000000ec700000,0x00000000ec700000,0x00000000f0e80000)
 ParOldGen       total 328192K, used 98232K [0x0000000080000000, 0x0000000094080000, 0x00000000d5580000)
  object space 328192K, 29% used [0x0000000080000000,0x0000000085fee3d0,0x0000000094080000)
 Metaspace       used 107480K, capacity 113838K, committed 114008K, reserved 1148928K
  class space    used 14102K, capacity 15363K, committed 15488K, reserved 1048576K
}
Event: 2983.525 GC heap before
{Heap before GC invocations=26 (full 4):
 PSYoungGen      total 319488K, used 319487K [0x00000000d5580000, 0x00000000f0e80000, 0x0000000100000000)
  eden space 259584K, 100% used [0x00000000d5580000,0x00000000e5300000,0x00000000e5300000)
  from space 59904K, 99% used [0x00000000e5300000,0x00000000e8d7fdc8,0x00000000e8d80000)
  to   space 73216K, 0% used [0x00000000ec700000,0x00000000ec700000,0x00000000f0e80000)
 ParOldGen       total 328192K, used 98232K [0x0000000080000000, 0x0000000094080000, 0x00000000d5580000)
  object space 328192K, 29% used [0x0000000080000000,0x0000000085fee3d0,0x0000000094080000)
 Metaspace       used 107903K, capacity 114380K, committed 114648K, reserved 1148928K
  class space    used 14163K, capacity 15490K, committed 15616K, reserved 1048576K
Event: 2983.590 GC heap after
Heap after GC invocations=26 (full 4):
 PSYoungGen      total 379904K, used 36595K [0x00000000d5580000, 0x00000000f1a00000, 0x0000000100000000)
  eden space 306688K, 0% used [0x00000000d5580000,0x00000000d5580000,0x00000000e8100000)
  from space 73216K, 49% used [0x00000000ec700000,0x00000000eeabce30,0x00000000f0e80000)
  to   space 71680K, 0% used [0x00000000e8100000,0x00000000e8100000,0x00000000ec700000)
 ParOldGen       total 328192K, used 125859K [0x0000000080000000, 0x0000000094080000, 0x00000000d5580000)
  object space 328192K, 38% used [0x0000000080000000,0x0000000087ae8dc8,0x0000000094080000)
 Metaspace       used 107903K, capacity 114380K, committed 114648K, reserved 1148928K
  class space    used 14163K, capacity 15490K, committed 15616K, reserved 1048576K
}
Event: 2984.305 GC heap before
{Heap before GC invocations=27 (full 4):
 PSYoungGen      total 379904K, used 343283K [0x00000000d5580000, 0x00000000f1a00000, 0x0000000100000000)
  eden space 306688K, 100% used [0x00000000d5580000,0x00000000e8100000,0x00000000e8100000)
  from space 73216K, 49% used [0x00000000ec700000,0x00000000eeabce30,0x00000000f0e80000)
  to   space 71680K, 0% used [0x00000000e8100000,0x00000000e8100000,0x00000000ec700000)
 ParOldGen       total 328192K, used 125859K [0x0000000080000000, 0x0000000094080000, 0x00000000d5580000)
  object space 328192K, 38% used [0x0000000080000000,0x0000000087ae8dc8,0x0000000094080000)
 Metaspace       used 108505K, capacity 115066K, committed 115288K, reserved 1148928K
  class space    used 14207K, capacity 15545K, committed 15744K, reserved 1048576K
Event: 2984.348 GC heap after
Heap after GC invocations=27 (full 4):
 PSYoungGen      total 378368K, used 8359K [0x00000000d5580000, 0x00000000f5580000, 0x0000000100000000)
  eden space 306688K, 0% used [0x00000000d5580000,0x00000000d5580000,0x00000000e8100000)
  from space 71680K, 11% used [0x00000000e8100000,0x00000000e8929e80,0x00000000ec700000)
  to   space 71168K, 0% used [0x00000000f1000000,0x00000000f1000000,0x00000000f5580000)
 ParOldGen       total 328192K, used 150085K [0x0000000080000000, 0x0000000094080000, 0x00000000d5580000)
  object space 328192K, 45% used [0x0000000080000000,0x0000000089291530,0x0000000094080000)
 Metaspace       used 108505K, capacity 115066K, committed 115288K, reserved 1148928K
  class space    used 14207K, capacity 15545K, committed 15744K, reserved 1048576K
}

