# JRE version: OpenJDK Runtime Environment (8.0_242-b01) (build 1.8.0_242-release-1644-b01)
# Java VM: OpenJDK 64-Bit Server VM (25.242-b01 mixed mode windows-amd64 compressed oops)
Heap:
 PSYoungGen      total 339968K, used 235548K [0x00000000d5580000, 0x00000000f1d00000, 0x0000000100000000)
  eden space 279040K, 68% used [0x00000000d5580000,0x00000000e1128a38,0x00000000e6600000)
  from space 60928K, 71% used [0x00000000e6600000,0x00000000e905e8e8,0x00000000ea180000)
  to   space 66048K, 0% used [0x00000000edc80000,0x00000000edc80000,0x00000000f1d00000)
 ParOldGen       total 360448K, used 106782K [0x0000000080000000, 0x0000000096000000, 0x00000000d5580000)
  object space 360448K, 29% used [0x0000000080000000,0x0000000086847b28,0x0000000096000000)
 Metaspace       used 112213K, capacity 120822K, committed 120856K, reserved 1153024K
  class space    used 14934K, capacity 16684K, committed 16688K, reserved 1048576K
GC Heap History (10 events):
Event: 159.140 GC heap before
{Heap before GC invocations=23 (full 4):
 PSYoungGen      total 283648K, used 281685K [0x00000000d5580000, 0x00000000e9580000, 0x0000000100000000)
  eden space 250368K, 100% used [0x00000000d5580000,0x00000000e4a00000,0x00000000e4a00000)
  from space 33280K, 94% used [0x00000000e6e00000,0x00000000e8c957c8,0x00000000e8e80000)
  to   space 36864K, 0% used [0x00000000e4a00000,0x00000000e4a00000,0x00000000e6e00000)
 ParOldGen       total 360448K, used 56588K [0x0000000080000000, 0x0000000096000000, 0x00000000d5580000)
  object space 360448K, 15% used [0x0000000080000000,0x00000000837430d8,0x0000000096000000)
 Metaspace       used 108817K, capacity 116856K, committed 117144K, reserved 1150976K
  class space    used 14581K, capacity 16255K, committed 16304K, reserved 1048576K
Event: 159.218 GC heap after
Heap after GC invocations=23 (full 4):
 PSYoungGen      total 287232K, used 36842K [0x00000000d5580000, 0x00000000ed880000, 0x0000000100000000)
  eden space 250368K, 0% used [0x00000000d5580000,0x00000000d5580000,0x00000000e4a00000)
  from space 36864K, 99% used [0x00000000e4a00000,0x00000000e6dfab70,0x00000000e6e00000)
  to   space 56320K, 0% used [0x00000000ea180000,0x00000000ea180000,0x00000000ed880000)
 ParOldGen       total 360448K, used 94820K [0x0000000080000000, 0x0000000096000000, 0x00000000d5580000)
  object space 360448K, 26% used [0x0000000080000000,0x0000000085c99008,0x0000000096000000)
 Metaspace       used 108817K, capacity 116856K, committed 117144K, reserved 1150976K
  class space    used 14581K, capacity 16255K, committed 16304K, reserved 1048576K
}
Event: 160.404 GC heap before
{Heap before GC invocations=24 (full 4):
 PSYoungGen      total 287232K, used 287210K [0x00000000d5580000, 0x00000000ed880000, 0x0000000100000000)
  eden space 250368K, 100% used [0x00000000d5580000,0x00000000e4a00000,0x00000000e4a00000)
  from space 36864K, 99% used [0x00000000e4a00000,0x00000000e6dfab70,0x00000000e6e00000)
  to   space 56320K, 0% used [0x00000000ea180000,0x00000000ea180000,0x00000000ed880000)
 ParOldGen       total 360448K, used 94820K [0x0000000080000000, 0x0000000096000000, 0x00000000d5580000)
  object space 360448K, 26% used [0x0000000080000000,0x0000000085c99008,0x0000000096000000)
 Metaspace       used 110205K, capacity 118322K, committed 118552K, reserved 1150976K
  class space    used 14707K, capacity 16402K, committed 16432K, reserved 1048576K
Event: 160.462 GC heap after
Heap after GC invocations=24 (full 4):
 PSYoungGen      total 335360K, used 45726K [0x00000000d5580000, 0x00000000eeb80000, 0x0000000100000000)
  eden space 279040K, 0% used [0x00000000d5580000,0x00000000d5580000,0x00000000e6600000)
  from space 56320K, 81% used [0x00000000ea180000,0x00000000ece279e8,0x00000000ed880000)
  to   space 60928K, 0% used [0x00000000e6600000,0x00000000e6600000,0x00000000ea180000)
 ParOldGen       total 360448K, used 94820K [0x0000000080000000, 0x0000000096000000, 0x00000000d5580000)
  object space 360448K, 26% used [0x0000000080000000,0x0000000085c99008,0x0000000096000000)
 Metaspace       used 110205K, capacity 118322K, committed 118552K, reserved 1150976K
  class space    used 14707K, capacity 16402K, committed 16432K, reserved 1048576K
}
Event: 161.142 GC heap before
{Heap before GC invocations=25 (full 4):
 PSYoungGen      total 335360K, used 324766K [0x00000000d5580000, 0x00000000eeb80000, 0x0000000100000000)
  eden space 279040K, 100% used [0x00000000d5580000,0x00000000e6600000,0x00000000e6600000)
  from space 56320K, 81% used [0x00000000ea180000,0x00000000ece279e8,0x00000000ed880000)
  to   space 60928K, 0% used [0x00000000e6600000,0x00000000e6600000,0x00000000ea180000)
 ParOldGen       total 360448K, used 94820K [0x0000000080000000, 0x0000000096000000, 0x00000000d5580000)
  object space 360448K, 26% used [0x0000000080000000,0x0000000085c99008,0x0000000096000000)
 Metaspace       used 111515K, capacity 119982K, committed 120088K, reserved 1153024K
  class space    used 14897K, capacity 16614K, committed 16688K, reserved 1048576K
Event: 161.177 GC heap after
Heap after GC invocations=25 (full 4):
 PSYoungGen      total 339968K, used 49478K [0x00000000d5580000, 0x00000000f1d00000, 0x0000000100000000)
  eden space 279040K, 0% used [0x00000000d5580000,0x00000000d5580000,0x00000000e6600000)
  from space 60928K, 81% used [0x00000000e6600000,0x00000000e9651890,0x00000000ea180000)
  to   space 66048K, 0% used [0x00000000edc80000,0x00000000edc80000,0x00000000f1d00000)
 ParOldGen       total 360448K, used 94828K [0x0000000080000000, 0x0000000096000000, 0x00000000d5580000)
  object space 360448K, 26% used [0x0000000080000000,0x0000000085c9b008,0x0000000096000000)
 Metaspace       used 111515K, capacity 119982K, committed 120088K, reserved 1153024K
  class space    used 14897K, capacity 16614K, committed 16688K, reserved 1048576K
}
Event: 161.637 GC heap before
{Heap before GC invocations=26 (full 4):
 PSYoungGen      total 339968K, used 328518K [0x00000000d5580000, 0x00000000f1d00000, 0x0000000100000000)
  eden space 279040K, 100% used [0x00000000d5580000,0x00000000e6600000,0x00000000e6600000)
  from space 60928K, 81% used [0x00000000e6600000,0x00000000e9651890,0x00000000ea180000)
  to   space 66048K, 0% used [0x00000000edc80000,0x00000000edc80000,0x00000000f1d00000)
 ParOldGen       total 360448K, used 94828K [0x0000000080000000, 0x0000000096000000, 0x00000000d5580000)
  object space 360448K, 26% used [0x0000000080000000,0x0000000085c9b008,0x0000000096000000)
 Metaspace       used 111701K, capacity 120208K, committed 120344K, reserved 1153024K
  class space    used 14904K, capacity 16617K, committed 16688K, reserved 1048576K
Event: 161.680 GC heap after
Heap after GC invocations=26 (full 4):
 PSYoungGen      total 345088K, used 53327K [0x00000000d5580000, 0x00000000f1d00000, 0x0000000100000000)
  eden space 279040K, 0% used [0x00000000d5580000,0x00000000d5580000,0x00000000e6600000)
  from space 66048K, 80% used [0x00000000edc80000,0x00000000f1093db8,0x00000000f1d00000)
  to   space 60928K, 0% used [0x00000000e6600000,0x00000000e6600000,0x00000000ea180000)
 ParOldGen       total 360448K, used 94828K [0x0000000080000000, 0x0000000096000000, 0x00000000d5580000)
  object space 360448K, 26% used [0x0000000080000000,0x0000000085c9b008,0x0000000096000000)
 Metaspace       used 111701K, capacity 120208K, committed 120344K, reserved 1153024K
  class space    used 14904K, capacity 16617K, committed 16688K, reserved 1048576K
}
Event: 162.080 GC heap before
{Heap before GC invocations=27 (full 4):
 PSYoungGen      total 345088K, used 332367K [0x00000000d5580000, 0x00000000f1d00000, 0x0000000100000000)
  eden space 279040K, 100% used [0x00000000d5580000,0x00000000e6600000,0x00000000e6600000)
  from space 66048K, 80% used [0x00000000edc80000,0x00000000f1093db8,0x00000000f1d00000)
  to   space 60928K, 0% used [0x00000000e6600000,0x00000000e6600000,0x00000000ea180000)
 ParOldGen       total 360448K, used 94828K [0x0000000080000000, 0x0000000096000000, 0x00000000d5580000)
  object space 360448K, 26% used [0x0000000080000000,0x0000000085c9b008,0x0000000096000000)
 Metaspace       used 112085K, capacity 120678K, committed 120856K, reserved 1153024K
  class space    used 14934K, capacity 16684K, committed 16688K, reserved 1048576K
Event: 162.116 GC heap after
Heap after GC invocations=27 (full 4):
 PSYoungGen      total 339968K, used 43386K [0x00000000d5580000, 0x00000000f1d00000, 0x0000000100000000)
  eden space 279040K, 0% used [0x00000000d5580000,0x00000000d5580000,0x00000000e6600000)
  from space 60928K, 71% used [0x00000000e6600000,0x00000000e905e8e8,0x00000000ea180000)
  to   space 66048K, 0% used [0x00000000edc80000,0x00000000edc80000,0x00000000f1d00000)
 ParOldGen       total 360448K, used 106782K [0x0000000080000000, 0x0000000096000000, 0x00000000d5580000)
  object space 360448K, 29% used [0x0000000080000000,0x0000000086847b28,0x0000000096000000)
 Metaspace       used 112085K, capacity 120678K, committed 120856K, reserved 1153024K
  class space    used 14934K, capacity 16684K, committed 16688K, reserved 1048576K
}

