# JRE version: OpenJDK Runtime Environment (8.0_242-b01) (build 1.8.0_242-release-1644-b01)
# Java VM: OpenJDK 64-Bit Server VM (25.242-b01 mixed mode windows-amd64 compressed oops)
Heap:
 PSYoungGen      total 75776K, used 19403K [0x00000000d5580000, 0x00000000daa00000, 0x0000000100000000)
  eden space 65024K, 13% used [0x00000000d5580000,0x00000000d5e30af8,0x00000000d9500000)
  from space 10752K, 97% used [0x00000000d9500000,0x00000000d9f423b8,0x00000000d9f80000)
  to   space 10752K, 0% used [0x00000000d9f80000,0x00000000d9f80000,0x00000000daa00000)
 ParOldGen       total 173568K, used 91K [0x0000000080000000, 0x000000008a980000, 0x00000000d5580000)
  object space 173568K, 0% used [0x0000000080000000,0x0000000080016e00,0x000000008a980000)
 Metaspace       used 18393K, capacity 19076K, committed 19328K, reserved 1064960K
  class space    used 2600K, capacity 2820K, committed 2944K, reserved 1048576K
GC Heap History (6 events):
Event: 2.305 GC heap before
{Heap before GC invocations=1 (full 0):
 PSYoungGen      total 75776K, used 65024K [0x00000000d5580000, 0x00000000daa00000, 0x0000000100000000)
  eden space 65024K, 100% used [0x00000000d5580000,0x00000000d9500000,0x00000000d9500000)
  from space 10752K, 0% used [0x00000000d9f80000,0x00000000d9f80000,0x00000000daa00000)
  to   space 10752K, 0% used [0x00000000d9500000,0x00000000d9500000,0x00000000d9f80000)
 ParOldGen       total 173568K, used 0K [0x0000000080000000, 0x000000008a980000, 0x00000000d5580000)
  object space 173568K, 0% used [0x0000000080000000,0x0000000080000000,0x000000008a980000)
 Metaspace       used 7823K, capacity 8070K, committed 8320K, reserved 1056768K
  class space    used 956K, capacity 1054K, committed 1152K, reserved 1048576K
Event: 2.320 GC heap after
Heap after GC invocations=1 (full 0):
 PSYoungGen      total 75776K, used 6141K [0x00000000d5580000, 0x00000000daa00000, 0x0000000100000000)
  eden space 65024K, 0% used [0x00000000d5580000,0x00000000d5580000,0x00000000d9500000)
  from space 10752K, 57% used [0x00000000d9500000,0x00000000d9aff498,0x00000000d9f80000)
  to   space 10752K, 0% used [0x00000000d9f80000,0x00000000d9f80000,0x00000000daa00000)
 ParOldGen       total 173568K, used 16K [0x0000000080000000, 0x000000008a980000, 0x00000000d5580000)
  object space 173568K, 0% used [0x0000000080000000,0x0000000080004000,0x000000008a980000)
 Metaspace       used 7823K, capacity 8070K, committed 8320K, reserved 1056768K
  class space    used 956K, capacity 1054K, committed 1152K, reserved 1048576K
}
Event: 4.230 GC heap before
{Heap before GC invocations=2 (full 0):
 PSYoungGen      total 75776K, used 71165K [0x00000000d5580000, 0x00000000daa00000, 0x0000000100000000)
  eden space 65024K, 100% used [0x00000000d5580000,0x00000000d9500000,0x00000000d9500000)
  from space 10752K, 57% used [0x00000000d9500000,0x00000000d9aff498,0x00000000d9f80000)
  to   space 10752K, 0% used [0x00000000d9f80000,0x00000000d9f80000,0x00000000daa00000)
 ParOldGen       total 173568K, used 16K [0x0000000080000000, 0x000000008a980000, 0x00000000d5580000)
  object space 173568K, 0% used [0x0000000080000000,0x0000000080004020,0x000000008a980000)
 Metaspace       used 13602K, capacity 14078K, committed 14336K, reserved 1060864K
  class space    used 1837K, capacity 1963K, committed 2048K, reserved 1048576K
Event: 4.247 GC heap after
Heap after GC invocations=2 (full 0):
 PSYoungGen      total 75776K, used 8813K [0x00000000d5580000, 0x00000000daa00000, 0x0000000100000000)
  eden space 65024K, 0% used [0x00000000d5580000,0x00000000d5580000,0x00000000d9500000)
  from space 10752K, 81% used [0x00000000d9f80000,0x00000000da81b748,0x00000000daa00000)
  to   space 10752K, 0% used [0x00000000d9500000,0x00000000d9500000,0x00000000d9f80000)
 ParOldGen       total 173568K, used 24K [0x0000000080000000, 0x000000008a980000, 0x00000000d5580000)
  object space 173568K, 0% used [0x0000000080000000,0x0000000080006020,0x000000008a980000)
 Metaspace       used 13602K, capacity 14078K, committed 14336K, reserved 1060864K
  class space    used 1837K, capacity 1963K, committed 2048K, reserved 1048576K
}
Event: 5.495 GC heap before
{Heap before GC invocations=3 (full 0):
 PSYoungGen      total 75776K, used 73837K [0x00000000d5580000, 0x00000000daa00000, 0x0000000100000000)
  eden space 65024K, 100% used [0x00000000d5580000,0x00000000d9500000,0x00000000d9500000)
  from space 10752K, 81% used [0x00000000d9f80000,0x00000000da81b748,0x00000000daa00000)
  to   space 10752K, 0% used [0x00000000d9500000,0x00000000d9500000,0x00000000d9f80000)
 ParOldGen       total 173568K, used 83K [0x0000000080000000, 0x000000008a980000, 0x00000000d5580000)
  object space 173568K, 0% used [0x0000000080000000,0x0000000080014e00,0x000000008a980000)
 Metaspace       used 17993K, capacity 18678K, committed 18944K, reserved 1064960K
  class space    used 2537K, capacity 2739K, committed 2816K, reserved 1048576K
Event: 5.517 GC heap after
Heap after GC invocations=3 (full 0):
 PSYoungGen      total 75776K, used 10504K [0x00000000d5580000, 0x00000000daa00000, 0x0000000100000000)
  eden space 65024K, 0% used [0x00000000d5580000,0x00000000d5580000,0x00000000d9500000)
  from space 10752K, 97% used [0x00000000d9500000,0x00000000d9f423b8,0x00000000d9f80000)
  to   space 10752K, 0% used [0x00000000d9f80000,0x00000000d9f80000,0x00000000daa00000)
 ParOldGen       total 173568K, used 91K [0x0000000080000000, 0x000000008a980000, 0x00000000d5580000)
  object space 173568K, 0% used [0x0000000080000000,0x0000000080016e00,0x000000008a980000)
 Metaspace       used 17993K, capacity 18678K, committed 18944K, reserved 1064960K
  class space    used 2537K, capacity 2739K, committed 2816K, reserved 1048576K
}

