# JRE version: OpenJDK Runtime Environment (8.0_242-b01) (build 1.8.0_242-release-1644-b01)
# Java VM: OpenJDK 64-Bit Server VM (25.242-b01 mixed mode windows-amd64 compressed oops)
Heap:
 PSYoungGen      total 110080K, used 73876K [0x00000000d5580000, 0x00000000dd000000, 0x0000000100000000)
  eden space 97280K, 75% used [0x00000000d5580000,0x00000000d9da50b0,0x00000000db480000)
  from space 12800K, 0% used [0x00000000dc200000,0x00000000dc200000,0x00000000dce80000)
  to   space 13824K, 0% used [0x00000000db480000,0x00000000db480000,0x00000000dc200000)
 ParOldGen       total 104448K, used 17770K [0x0000000080000000, 0x0000000086600000, 0x00000000d5580000)
  object space 104448K, 17% used [0x0000000080000000,0x000000008115abe0,0x0000000086600000)
 Metaspace       used 39295K, capacity 40849K, committed 40960K, reserved 1085440K
  class space    used 5439K, capacity 5777K, committed 5888K, reserved 1048576K
GC Heap History (10 events):
Event: 5.666 GC heap before
{Heap before GC invocations=4 (full 0):
 PSYoungGen      total 75776K, used 45681K [0x00000000d5580000, 0x00000000daa00000, 0x0000000100000000)
  eden space 65024K, 54% used [0x00000000d5580000,0x00000000d77d1fc0,0x00000000d9500000)
  from space 10752K, 98% used [0x00000000d9500000,0x00000000d9f4a5d8,0x00000000d9f80000)
  to   space 10752K, 0% used [0x00000000d9f80000,0x00000000d9f80000,0x00000000daa00000)
 ParOldGen       total 173568K, used 32K [0x0000000080000000, 0x000000008a980000, 0x00000000d5580000)
  object space 173568K, 0% used [0x0000000080000000,0x0000000080008000,0x000000008a980000)
 Metaspace       used 20354K, capacity 21213K, committed 21296K, reserved 1067008K
  class space    used 2945K, capacity 3200K, committed 3200K, reserved 1048576K
Event: 5.677 GC heap after
Heap after GC invocations=4 (full 0):
 PSYoungGen      total 75776K, used 9567K [0x00000000d5580000, 0x00000000daa00000, 0x0000000100000000)
  eden space 65024K, 0% used [0x00000000d5580000,0x00000000d5580000,0x00000000d9500000)
  from space 10752K, 88% used [0x00000000d9f80000,0x00000000da8d7e28,0x00000000daa00000)
  to   space 10752K, 0% used [0x00000000d9500000,0x00000000d9500000,0x00000000d9f80000)
 ParOldGen       total 173568K, used 40K [0x0000000080000000, 0x000000008a980000, 0x00000000d5580000)
  object space 173568K, 0% used [0x0000000080000000,0x000000008000a000,0x000000008a980000)
 Metaspace       used 20354K, capacity 21213K, committed 21296K, reserved 1067008K
  class space    used 2945K, capacity 3200K, committed 3200K, reserved 1048576K
}
Event: 5.677 GC heap before
{Heap before GC invocations=5 (full 1):
 PSYoungGen      total 75776K, used 9567K [0x00000000d5580000, 0x00000000daa00000, 0x0000000100000000)
  eden space 65024K, 0% used [0x00000000d5580000,0x00000000d5580000,0x00000000d9500000)
  from space 10752K, 88% used [0x00000000d9f80000,0x00000000da8d7e28,0x00000000daa00000)
  to   space 10752K, 0% used [0x00000000d9500000,0x00000000d9500000,0x00000000d9f80000)
 ParOldGen       total 173568K, used 40K [0x0000000080000000, 0x000000008a980000, 0x00000000d5580000)
  object space 173568K, 0% used [0x0000000080000000,0x000000008000a000,0x000000008a980000)
 Metaspace       used 20354K, capacity 21213K, committed 21296K, reserved 1067008K
  class space    used 2945K, capacity 3200K, committed 3200K, reserved 1048576K
Event: 5.737 GC heap after
Heap after GC invocations=5 (full 1):
 PSYoungGen      total 75776K, used 0K [0x00000000d5580000, 0x00000000daa00000, 0x0000000100000000)
  eden space 65024K, 0% used [0x00000000d5580000,0x00000000d5580000,0x00000000d9500000)
  from space 10752K, 0% used [0x00000000d9f80000,0x00000000d9f80000,0x00000000daa00000)
  to   space 10752K, 0% used [0x00000000d9500000,0x00000000d9500000,0x00000000d9f80000)
 ParOldGen       total 104448K, used 9212K [0x0000000080000000, 0x0000000086600000, 0x00000000d5580000)
  object space 104448K, 8% used [0x0000000080000000,0x00000000808ff0f8,0x0000000086600000)
 Metaspace       used 20354K, capacity 21213K, committed 21296K, reserved 1067008K
  class space    used 2945K, capacity 3200K, committed 3200K, reserved 1048576K
}
Event: 6.704 GC heap before
{Heap before GC invocations=6 (full 1):
 PSYoungGen      total 75776K, used 65024K [0x00000000d5580000, 0x00000000daa00000, 0x0000000100000000)
  eden space 65024K, 100% used [0x00000000d5580000,0x00000000d9500000,0x00000000d9500000)
  from space 10752K, 0% used [0x00000000d9f80000,0x00000000d9f80000,0x00000000daa00000)
  to   space 10752K, 0% used [0x00000000d9500000,0x00000000d9500000,0x00000000d9f80000)
 ParOldGen       total 104448K, used 9212K [0x0000000080000000, 0x0000000086600000, 0x00000000d5580000)
  object space 104448K, 8% used [0x0000000080000000,0x00000000808ff0f8,0x0000000086600000)
 Metaspace       used 24478K, capacity 25445K, committed 25600K, reserved 1071104K
  class space    used 3587K, capacity 3811K, committed 3840K, reserved 1048576K
Event: 6.709 GC heap after
Heap after GC invocations=6 (full 1):
 PSYoungGen      total 75776K, used 5248K [0x00000000d5580000, 0x00000000dce80000, 0x0000000100000000)
  eden space 65024K, 0% used [0x00000000d5580000,0x00000000d5580000,0x00000000d9500000)
  from space 10752K, 48% used [0x00000000d9500000,0x00000000d9a20168,0x00000000d9f80000)
  to   space 12800K, 0% used [0x00000000dc200000,0x00000000dc200000,0x00000000dce80000)
 ParOldGen       total 104448K, used 9220K [0x0000000080000000, 0x0000000086600000, 0x00000000d5580000)
  object space 104448K, 8% used [0x0000000080000000,0x00000000809010f8,0x0000000086600000)
 Metaspace       used 24478K, capacity 25445K, committed 25600K, reserved 1071104K
  class space    used 3587K, capacity 3811K, committed 3840K, reserved 1048576K
}
Event: 8.410 GC heap before
{Heap before GC invocations=7 (full 1):
 PSYoungGen      total 75776K, used 62227K [0x00000000d5580000, 0x00000000dce80000, 0x0000000100000000)
  eden space 65024K, 87% used [0x00000000d5580000,0x00000000d8d24e48,0x00000000d9500000)
  from space 10752K, 48% used [0x00000000d9500000,0x00000000d9a20168,0x00000000d9f80000)
  to   space 12800K, 0% used [0x00000000dc200000,0x00000000dc200000,0x00000000dce80000)
 ParOldGen       total 104448K, used 9220K [0x0000000080000000, 0x0000000086600000, 0x00000000d5580000)
  object space 104448K, 8% used [0x0000000080000000,0x00000000809010f8,0x0000000086600000)
 Metaspace       used 34015K, capacity 35355K, committed 35456K, reserved 1079296K
  class space    used 4896K, capacity 5190K, committed 5248K, reserved 1048576K
Event: 8.427 GC heap after
Heap after GC invocations=7 (full 1):
 PSYoungGen      total 110080K, used 11139K [0x00000000d5580000, 0x00000000dd000000, 0x0000000100000000)
  eden space 97280K, 0% used [0x00000000d5580000,0x00000000d5580000,0x00000000db480000)
  from space 12800K, 87% used [0x00000000dc200000,0x00000000dcce0d70,0x00000000dce80000)
  to   space 13824K, 0% used [0x00000000db480000,0x00000000db480000,0x00000000dc200000)
 ParOldGen       total 104448K, used 9228K [0x0000000080000000, 0x0000000086600000, 0x00000000d5580000)
  object space 104448K, 8% used [0x0000000080000000,0x00000000809030f8,0x0000000086600000)
 Metaspace       used 34015K, capacity 35355K, committed 35456K, reserved 1079296K
  class space    used 4896K, capacity 5190K, committed 5248K, reserved 1048576K
}
Event: 8.427 GC heap before
{Heap before GC invocations=8 (full 2):
 PSYoungGen      total 110080K, used 11139K [0x00000000d5580000, 0x00000000dd000000, 0x0000000100000000)
  eden space 97280K, 0% used [0x00000000d5580000,0x00000000d5580000,0x00000000db480000)
  from space 12800K, 87% used [0x00000000dc200000,0x00000000dcce0d70,0x00000000dce80000)
  to   space 13824K, 0% used [0x00000000db480000,0x00000000db480000,0x00000000dc200000)
 ParOldGen       total 104448K, used 9228K [0x0000000080000000, 0x0000000086600000, 0x00000000d5580000)
  object space 104448K, 8% used [0x0000000080000000,0x00000000809030f8,0x0000000086600000)
 Metaspace       used 34015K, capacity 35355K, committed 35456K, reserved 1079296K
  class space    used 4896K, capacity 5190K, committed 5248K, reserved 1048576K
Event: 8.501 GC heap after
Heap after GC invocations=8 (full 2):
 PSYoungGen      total 110080K, used 0K [0x00000000d5580000, 0x00000000dd000000, 0x0000000100000000)
  eden space 97280K, 0% used [0x00000000d5580000,0x00000000d5580000,0x00000000db480000)
  from space 12800K, 0% used [0x00000000dc200000,0x00000000dc200000,0x00000000dce80000)
  to   space 13824K, 0% used [0x00000000db480000,0x00000000db480000,0x00000000dc200000)
 ParOldGen       total 104448K, used 17770K [0x0000000080000000, 0x0000000086600000, 0x00000000d5580000)
  object space 104448K, 17% used [0x0000000080000000,0x000000008115abe0,0x0000000086600000)
 Metaspace       used 34015K, capacity 35355K, committed 35456K, reserved 1079296K
  class space    used 4896K, capacity 5190K, committed 5248K, reserved 1048576K
}

